<?xml version="1.0" encoding="UTF-8"?>
<testng-results skipped="0" failed="0" ignored="0" total="1" passed="1">
  <reporter-output>
  </reporter-output>
  <suite name="scripts.ChromeTest" duration-ms="7753" started-at="2019-03-01T08:54:44Z" finished-at="2019-03-01T08:54:51Z">
    <groups>
    </groups>
    <test name="Command line test" duration-ms="7753" started-at="2019-03-01T08:54:44Z" finished-at="2019-03-01T08:54:51Z">
      <class name="scripts.ChromeTest">
        <test-method status="PASS" signature="sample()[pri:0, instance:scripts.ChromeTest@13969fbe]" name="sample" duration-ms="7731" started-at="2019-03-01T08:54:44Z" finished-at="2019-03-01T08:54:51Z">
          <reporter-output>
          </reporter-output>
        </test-method> <!-- sample -->
      </class> <!-- scripts.ChromeTest -->
    </test> <!-- Command line test -->
  </suite> <!-- scripts.ChromeTest -->
</testng-results>
